[     330ms] [INFO] %cDownload the React DevTools for a better development experience: https://react.dev/link/react-devtools font-weight:bold @ http://localhost:3000/_next/static/chunks/0guz_next_dist_11~umq~._.js:2431
[     451ms] [LOG] [HMR] connected @ http://localhost:3000/_next/static/chunks/0guz_next_dist_11~umq~._.js:2431
[   67703ms] [LOG] [Fast Refresh] rebuilding @ http://localhost:3000/_next/static/chunks/0guz_next_dist_11~umq~._.js:2431
[   67772ms] [LOG] [Fast Refresh] done in 49ms @ http://localhost:3000/_next/static/chunks/0guz_next_dist_11~umq~._.js:2431
[   81675ms] [LOG] [Fast Refresh] rebuilding @ http://localhost:3000/_next/static/chunks/0guz_next_dist_11~umq~._.js:2431
[   81742ms] [LOG] [Fast Refresh] done in 167ms @ http://localhost:3000/_next/static/chunks/0guz_next_dist_11~umq~._.js:2431
[   83787ms] [WARNING] Detected `scroll-behavior: smooth` on the `<html>` element. To disable smooth scrolling during route transitions, add `data-scroll-behavior="smooth"` to your <html> element. Learn more: https://nextjs.org/docs/messages/missing-data-scroll-behavior @ http://localhost:3000/_next/static/chunks/0guz_next_dist_11~umq~._.js:2431
[  367122ms] [LOG] [Fast Refresh] rebuilding @ http://localhost:3000/_next/static/chunks/0guz_next_dist_11~umq~._.js:2431
[  368666ms] [LOG] [Fast Refresh] done in 1645ms @ http://localhost:3000/_next/static/chunks/0guz_next_dist_11~umq~._.js:2431
[  368837ms] [LOG] [Fast Refresh] rebuilding @ http://localhost:3000/_next/static/chunks/0guz_next_dist_11~umq~._.js:2431
[  368939ms] [LOG] [Fast Refresh] done in 203ms @ http://localhost:3000/_next/static/chunks/0guz_next_dist_11~umq~._.js:2431
[  408995ms] [LOG] [Fast Refresh] rebuilding @ http://localhost:3000/_next/static/chunks/0guz_next_dist_11~umq~._.js:2431
[  409012ms] [LOG] [Fast Refresh] done in 118ms @ http://localhost:3000/_next/static/chunks/0guz_next_dist_11~umq~._.js:2431
[  410835ms] [LOG] [HMR] connected @ http://localhost:3000/_next/static/chunks/0guz_next_dist_11~umq~._.js:2431
[  603502ms] [LOG] [Fast Refresh] rebuilding @ http://localhost:3000/_next/static/chunks/0guz_next_dist_11~umq~._.js:2431
[  604118ms] [LOG] [Fast Refresh] done in 530ms @ http://localhost:3000/_next/static/chunks/0guz_next_dist_11~umq~._.js:2431
[  604827ms] [INFO] %cDownload the React DevTools for a better development experience: https://react.dev/link/react-devtools font-weight:bold @ http://localhost:3000/_next/static/chunks/0guz_next_dist_11~umq~._.js:2431
[  604987ms] [LOG] [HMR] connected @ http://localhost:3000/_next/static/chunks/0guz_next_dist_11~umq~._.js:2431
[  605108ms] [LOG] [Fast Refresh] rebuilding @ http://localhost:3000/_next/static/chunks/0guz_next_dist_11~umq~._.js:2431
[  605154ms] [LOG] [Fast Refresh] done in 147ms @ http://localhost:3000/_next/static/chunks/0guz_next_dist_11~umq~._.js:2431
[  606770ms] [LOG] [HMR] connected @ http://localhost:3000/_next/static/chunks/0guz_next_dist_11~umq~._.js:2431
[  625504ms] [LOG] [Fast Refresh] rebuilding @ http://localhost:3000/_next/static/chunks/0guz_next_dist_11~umq~._.js:2431
[  625504ms] [LOG] [Fast Refresh] rebuilding @ http://localhost:3000/_next/static/chunks/0guz_next_dist_11~umq~._.js:2431
[  625620ms] [LOG] [Fast Refresh] done in 189ms @ http://localhost:3000/_next/static/chunks/0guz_next_dist_11~umq~._.js:2431
[  625768ms] [LOG] [Fast Refresh] rebuilding @ http://localhost:3000/_next/static/chunks/0guz_next_dist_11~umq~._.js:2431
[  625801ms] [LOG] [Fast Refresh] done in 133ms @ http://localhost:3000/_next/static/chunks/0guz_next_dist_11~umq~._.js:2431
[  629601ms] [LOG] [HMR] connected @ http://localhost:3000/_next/static/chunks/0guz_next_dist_11~umq~._.js:2431
[  637702ms] [LOG] [Fast Refresh] rebuilding @ http://localhost:3000/_next/static/chunks/0guz_next_dist_11~umq~._.js:2431
[  637710ms] [LOG] [Fast Refresh] rebuilding @ http://localhost:3000/_next/static/chunks/0guz_next_dist_11~umq~._.js:2431
[  637730ms] [LOG] [Fast Refresh] done in 45ms @ http://localhost:3000/_next/static/chunks/0guz_next_dist_11~umq~._.js:2431
[  637730ms] [LOG] [Fast Refresh] done in 52ms @ http://localhost:3000/_next/static/chunks/0guz_next_dist_11~umq~._.js:2431
[ 1187179ms] [LOG] [Fast Refresh] rebuilding @ http://localhost:3000/_next/static/chunks/0guz_next_dist_11~umq~._.js:2431
[ 1187181ms] [LOG] [Fast Refresh] rebuilding @ http://localhost:3000/_next/static/chunks/0guz_next_dist_11~umq~._.js:2431
[ 1187302ms] [LOG] [Fast Refresh] done in 224ms @ http://localhost:3000/_next/static/chunks/0guz_next_dist_11~umq~._.js:2431
[ 1187303ms] [LOG] [Fast Refresh] done in 222ms @ http://localhost:3000/_next/static/chunks/0guz_next_dist_11~umq~._.js:2431
[ 1193599ms] [LOG] [HMR] connected @ http://localhost:3000/_next/static/chunks/0guz_next_dist_11~umq~._.js:2431
[ 1223838ms] [LOG] [HMR] connected @ http://localhost:3000/_next/static/chunks/0guz_next_dist_11~umq~._.js:2431
[ 1243486ms] [LOG] [HMR] connected @ http://localhost:3000/_next/static/chunks/0guz_next_dist_11~umq~._.js:2431
[ 1251533ms] [LOG] [HMR] connected @ http://localhost:3000/_next/static/chunks/0guz_next_dist_11~umq~._.js:2431
[ 1627190ms] [LOG] [Fast Refresh] rebuilding @ http://localhost:3000/_next/static/chunks/0guz_next_dist_11~umq~._.js:2431
[ 1627190ms] [LOG] [Fast Refresh] rebuilding @ http://localhost:3000/_next/static/chunks/0guz_next_dist_11~umq~._.js:2431
[ 1627248ms] [LOG] [Fast Refresh] done in 160ms @ http://localhost:3000/_next/static/chunks/0guz_next_dist_11~umq~._.js:2431
[ 1627249ms] [LOG] [Fast Refresh] done in 160ms @ http://localhost:3000/_next/static/chunks/0guz_next_dist_11~umq~._.js:2431
[ 1674654ms] [LOG] [Fast Refresh] rebuilding @ http://localhost:3000/_next/static/chunks/0guz_next_dist_11~umq~._.js:2431
[ 1674657ms] [LOG] [Fast Refresh] rebuilding @ http://localhost:3000/_next/static/chunks/0guz_next_dist_11~umq~._.js:2431
[ 1674719ms] [LOG] [Fast Refresh] done in 58ms @ http://localhost:3000/_next/static/chunks/0guz_next_dist_11~umq~._.js:2431
[ 1674719ms] [LOG] [Fast Refresh] done in 61ms @ http://localhost:3000/_next/static/chunks/0guz_next_dist_11~umq~._.js:2431
[ 1709288ms] [LOG] [Fast Refresh] rebuilding @ http://localhost:3000/_next/static/chunks/0guz_next_dist_11~umq~._.js:2431
[ 1709288ms] [LOG] [Fast Refresh] rebuilding @ http://localhost:3000/_next/static/chunks/0guz_next_dist_11~umq~._.js:2431
[ 1710927ms] [LOG] [Fast Refresh] done in 1736ms @ http://localhost:3000/_next/static/chunks/0guz_next_dist_11~umq~._.js:2431
[ 1710932ms] [LOG] [Fast Refresh] done in 1743ms @ http://localhost:3000/_next/static/chunks/0guz_next_dist_11~umq~._.js:2431
[ 1711035ms] [LOG] [Fast Refresh] rebuilding @ http://localhost:3000/_next/static/chunks/0guz_next_dist_11~umq~._.js:2431
[ 1711035ms] [LOG] [Fast Refresh] rebuilding @ http://localhost:3000/_next/static/chunks/0guz_next_dist_11~umq~._.js:2431
[ 1711214ms] [LOG] [Fast Refresh] done in 280ms @ http://localhost:3000/_next/static/chunks/0guz_next_dist_11~umq~._.js:2431
[ 1711214ms] [LOG] [Fast Refresh] done in 280ms @ http://localhost:3000/_next/static/chunks/0guz_next_dist_11~umq~._.js:2431
[ 1711831ms] [INFO] %cDownload the React DevTools for a better development experience: https://react.dev/link/react-devtools font-weight:bold @ http://localhost:3000/_next/static/chunks/0guz_next_dist_11~umq~._.js:2431
[ 1711852ms] [LOG] [HMR] connected @ http://localhost:3000/_next/static/chunks/0guz_next_dist_11~umq~._.js:2431
[ 1712024ms] [LOG] [Fast Refresh] rebuilding @ http://localhost:3000/_next/static/chunks/0guz_next_dist_11~umq~._.js:2431
[ 1712418ms] [LOG] [Fast Refresh] done in 495ms @ http://localhost:3000/_next/static/chunks/0guz_next_dist_11~umq~._.js:2431
[ 1712435ms] [ERROR] Failed to load resource: the server responded with a status of 404 (Not Found) @ http://localhost:3000/api/analytics/session:0
[ 1715041ms] [LOG] [HMR] connected @ http://localhost:3000/_next/static/chunks/0guz_next_dist_11~umq~._.js:2431
[ 1715219ms] [ERROR] Failed to load resource: the server responded with a status of 404 (Not Found) @ http://localhost:3000/api/analytics/session:0
[ 1734889ms] [LOG] [Fast Refresh] rebuilding @ http://localhost:3000/_next/static/chunks/0guz_next_dist_11~umq~._.js:2431
[ 1734893ms] [LOG] [Fast Refresh] rebuilding @ http://localhost:3000/_next/static/chunks/0guz_next_dist_11~umq~._.js:2431
[ 1735297ms] [LOG] [Fast Refresh] done in 323ms @ http://localhost:3000/_next/static/chunks/0guz_next_dist_11~umq~._.js:2431
[ 1735298ms] [LOG] [Fast Refresh] done in 390ms @ http://localhost:3000/_next/static/chunks/0guz_next_dist_11~umq~._.js:2431
[ 1735678ms] [LOG] [Fast Refresh] rebuilding @ http://localhost:3000/_next/static/chunks/0guz_next_dist_11~umq~._.js:2431
[ 1735678ms] [LOG] [Fast Refresh] rebuilding @ http://localhost:3000/_next/static/chunks/0guz_next_dist_11~umq~._.js:2431
[ 1735684ms] [LOG] [Fast Refresh] done in 106ms @ http://localhost:3000/_next/static/chunks/0guz_next_dist_11~umq~._.js:2431
[ 1735684ms] [LOG] [Fast Refresh] done in 107ms @ http://localhost:3000/_next/static/chunks/0guz_next_dist_11~umq~._.js:2431
[ 1736511ms] [LOG] [Fast Refresh] rebuilding @ http://localhost:3000/_next/static/chunks/0guz_next_dist_11~umq~._.js:2431
[ 1736511ms] [LOG] [Fast Refresh] rebuilding @ http://localhost:3000/_next/static/chunks/0guz_next_dist_11~umq~._.js:2431
[ 1736517ms] [LOG] [Fast Refresh] done in 106ms @ http://localhost:3000/_next/static/chunks/0guz_next_dist_11~umq~._.js:2431
[ 1736517ms] [LOG] [Fast Refresh] done in 106ms @ http://localhost:3000/_next/static/chunks/0guz_next_dist_11~umq~._.js:2431
[ 1779790ms] [LOG] [Fast Refresh] rebuilding @ http://localhost:3000/_next/static/chunks/0guz_next_dist_11~umq~._.js:2431
[ 1779794ms] [LOG] [Fast Refresh] rebuilding @ http://localhost:3000/_next/static/chunks/0guz_next_dist_11~umq~._.js:2431
[ 1780216ms] [LOG] [Fast Refresh] done in 393ms @ http://localhost:3000/_next/static/chunks/0guz_next_dist_11~umq~._.js:2431
[ 1780217ms] [LOG] [Fast Refresh] done in 451ms @ http://localhost:3000/_next/static/chunks/0guz_next_dist_11~umq~._.js:2431
[ 1784509ms] [LOG] [Fast Refresh] rebuilding @ http://localhost:3000/_next/static/chunks/0guz_next_dist_11~umq~._.js:2431
[ 1784509ms] [LOG] [Fast Refresh] rebuilding @ http://localhost:3000/_next/static/chunks/0guz_next_dist_11~umq~._.js:2431
[ 1784586ms] [LOG] [Fast Refresh] done in 178ms @ http://localhost:3000/_next/static/chunks/0guz_next_dist_11~umq~._.js:2431
[ 1784586ms] [LOG] [Fast Refresh] done in 179ms @ http://localhost:3000/_next/static/chunks/0guz_next_dist_11~umq~._.js:2431
[ 1838764ms] [LOG] [Fast Refresh] rebuilding @ http://localhost:3000/_next/static/chunks/0guz_next_dist_11~umq~._.js:2431
[ 1838770ms] [LOG] [Fast Refresh] rebuilding @ http://localhost:3000/_next/static/chunks/0guz_next_dist_11~umq~._.js:2431
[ 1839297ms] [LOG] [Fast Refresh] done in 471ms @ http://localhost:3000/_next/static/chunks/0guz_next_dist_11~umq~._.js:2431
[ 1839297ms] [LOG] [Fast Refresh] done in 473ms @ http://localhost:3000/_next/static/chunks/0guz_next_dist_11~umq~._.js:2431
[ 1839542ms] [LOG] [Fast Refresh] rebuilding @ http://localhost:3000/_next/static/chunks/0guz_next_dist_11~umq~._.js:2431
[ 1839557ms] [LOG] [Fast Refresh] done in 2ms @ http://localhost:3000/_next/static/chunks/0guz_next_dist_11~umq~._.js:2431
[ 1839567ms] [LOG] [Fast Refresh] rebuilding @ http://localhost:3000/_next/static/chunks/0guz_next_dist_11~umq~._.js:2431
[ 1839568ms] [LOG] [Fast Refresh] done in 26ms @ http://localhost:3000/_next/static/chunks/0guz_next_dist_11~umq~._.js:2431
[ 1839694ms] [LOG] [Fast Refresh] rebuilding @ http://localhost:3000/_next/static/chunks/0guz_next_dist_11~umq~._.js:2431
[ 1839694ms] [LOG] [Fast Refresh] rebuilding @ http://localhost:3000/_next/static/chunks/0guz_next_dist_11~umq~._.js:2431
[ 1839783ms] [LOG] [Fast Refresh] done in 191ms @ http://localhost:3000/_next/static/chunks/0guz_next_dist_11~umq~._.js:2431
[ 1839784ms] [LOG] [Fast Refresh] done in 191ms @ http://localhost:3000/_next/static/chunks/0guz_next_dist_11~umq~._.js:2431
[ 1840638ms] [INFO] %cDownload the React DevTools for a better development experience: https://react.dev/link/react-devtools font-weight:bold @ http://localhost:3000/_next/static/chunks/0guz_next_dist_11~umq~._.js:2431
[ 1840673ms] [LOG] [HMR] connected @ http://localhost:3000/_next/static/chunks/0guz_next_dist_11~umq~._.js:2431
[ 1842433ms] [ERROR] Failed to load resource: the server responded with a status of 500 (Internal Server Error) @ http://localhost:3000/api/analytics/session:0
[ 1843134ms] [LOG] [HMR] connected @ http://localhost:3000/_next/static/chunks/0guz_next_dist_11~umq~._.js:2431
[ 1843661ms] [ERROR] Failed to load resource: the server responded with a status of 500 (Internal Server Error) @ http://localhost:3000/api/analytics/session:0
[ 1881981ms] [LOG] [Fast Refresh] rebuilding @ http://localhost:3000/_next/static/chunks/0guz_next_dist_11~umq~._.js:2431
[ 1881985ms] [LOG] [Fast Refresh] rebuilding @ http://localhost:3000/_next/static/chunks/0guz_next_dist_11~umq~._.js:2431
[ 1882466ms] [LOG] [Fast Refresh] done in 374ms @ http://localhost:3000/_next/static/chunks/0guz_next_dist_11~umq~._.js:2431
[ 1882466ms] [LOG] [Fast Refresh] done in 490ms @ http://localhost:3000/_next/static/chunks/0guz_next_dist_11~umq~._.js:2431
[ 1884793ms] [LOG] [Fast Refresh] rebuilding @ http://localhost:3000/_next/static/chunks/0guz_next_dist_11~umq~._.js:2431
[ 1884794ms] [LOG] [Fast Refresh] rebuilding @ http://localhost:3000/_next/static/chunks/0guz_next_dist_11~umq~._.js:2431
[ 1884798ms] [LOG] [Fast Refresh] done in 106ms @ http://localhost:3000/_next/static/chunks/0guz_next_dist_11~umq~._.js:2431
[ 1884799ms] [LOG] [Fast Refresh] done in 106ms @ http://localhost:3000/_next/static/chunks/0guz_next_dist_11~umq~._.js:2431
[ 1891468ms] [LOG] [Fast Refresh] rebuilding @ http://localhost:3000/_next/static/chunks/0guz_next_dist_11~umq~._.js:2431
[ 1891468ms] [LOG] [Fast Refresh] rebuilding @ http://localhost:3000/_next/static/chunks/0guz_next_dist_11~umq~._.js:2431
[ 1891472ms] [LOG] [Fast Refresh] done in 105ms @ http://localhost:3000/_next/static/chunks/0guz_next_dist_11~umq~._.js:2431
[ 1891473ms] [LOG] [Fast Refresh] done in 105ms @ http://localhost:3000/_next/static/chunks/0guz_next_dist_11~umq~._.js:2431
[ 1931138ms] [LOG] [Fast Refresh] rebuilding @ http://localhost:3000/_next/static/chunks/0guz_next_dist_11~umq~._.js:2431
[ 1931142ms] [LOG] [Fast Refresh] rebuilding @ http://localhost:3000/_next/static/chunks/0guz_next_dist_11~umq~._.js:2431
[ 1931608ms] [LOG] [Fast Refresh] done in 376ms @ http://localhost:3000/_next/static/chunks/0guz_next_dist_11~umq~._.js:2431
[ 1931608ms] [LOG] [Fast Refresh] done in 491ms @ http://localhost:3000/_next/static/chunks/0guz_next_dist_11~umq~._.js:2431
[ 1941413ms] [LOG] [Fast Refresh] rebuilding @ http://localhost:3000/_next/static/chunks/0guz_next_dist_11~umq~._.js:2431
[ 1941413ms] [LOG] [Fast Refresh] rebuilding @ http://localhost:3000/_next/static/chunks/0guz_next_dist_11~umq~._.js:2431
[ 1941640ms] [LOG] [Fast Refresh] done in 328ms @ http://localhost:3000/_next/static/chunks/0guz_next_dist_11~umq~._.js:2431
[ 1941640ms] [LOG] [Fast Refresh] done in 329ms @ http://localhost:3000/_next/static/chunks/0guz_next_dist_11~umq~._.js:2431
[ 2306501ms] [LOG] [Fast Refresh] rebuilding @ http://localhost:3000/_next/static/chunks/0guz_next_dist_11~umq~._.js:2431
[ 2306501ms] [LOG] [Fast Refresh] rebuilding @ http://localhost:3000/_next/static/chunks/0guz_next_dist_11~umq~._.js:2431
[ 2307099ms] [LOG] [Fast Refresh] done in 700ms @ http://localhost:3000/_next/static/chunks/0guz_next_dist_11~umq~._.js:2431
[ 2307100ms] [LOG] [Fast Refresh] done in 700ms @ http://localhost:3000/_next/static/chunks/0guz_next_dist_11~umq~._.js:2431
[ 2307647ms] [LOG] [Fast Refresh] rebuilding @ http://localhost:3000/_next/static/chunks/0guz_next_dist_11~umq~._.js:2431
[ 2307647ms] [LOG] [Fast Refresh] rebuilding @ http://localhost:3000/_next/static/chunks/0guz_next_dist_11~umq~._.js:2431
[ 2307744ms] [LOG] [Fast Refresh] done in 199ms @ http://localhost:3000/_next/static/chunks/0guz_next_dist_11~umq~._.js:2431
[ 2307744ms] [LOG] [Fast Refresh] done in 199ms @ http://localhost:3000/_next/static/chunks/0guz_next_dist_11~umq~._.js:2431
[ 2328442ms] [LOG] [Fast Refresh] rebuilding @ http://localhost:3000/_next/static/chunks/0guz_next_dist_11~umq~._.js:2431
[ 2328442ms] [LOG] [Fast Refresh] rebuilding @ http://localhost:3000/_next/static/chunks/0guz_next_dist_11~umq~._.js:2431
[ 2328544ms] [LOG] [Fast Refresh] done in 203ms @ http://localhost:3000/_next/static/chunks/0guz_next_dist_11~umq~._.js:2431
[ 2328544ms] [LOG] [Fast Refresh] done in 204ms @ http://localhost:3000/_next/static/chunks/0guz_next_dist_11~umq~._.js:2431
[ 2360285ms] [LOG] [Fast Refresh] rebuilding @ http://localhost:3000/_next/static/chunks/0guz_next_dist_11~umq~._.js:2431
[ 2360285ms] [LOG] [Fast Refresh] rebuilding @ http://localhost:3000/_next/static/chunks/0guz_next_dist_11~umq~._.js:2431
[ 2360377ms] [LOG] [Fast Refresh] done in 193ms @ http://localhost:3000/_next/static/chunks/0guz_next_dist_11~umq~._.js:2431
[ 2360377ms] [LOG] [Fast Refresh] done in 194ms @ http://localhost:3000/_next/static/chunks/0guz_next_dist_11~umq~._.js:2431
